============================= test session starts ==============================
platform linux -- Python 3.11.6, pytest-8.2.0, pluggy-1.5.0
rootdir: /home/user/project
collected 142 items

tests/test_api.py ....................................................    [ 36%]
tests/test_auth.py ...............................................        [ 69%]
tests/test_db.py ..............................................           [100%]

============================= 142 passed in 3.21s ==============================
